<?xml version="1.0" encoding="UTF-8"?>
<!-- Generated by org.testng.reporters.JUnitReportReporter -->
<testsuite hostname="WTCS-PC" name="com.Senchalogin.SenchaLoginTest" tests="3" failures="0" timestamp="31 Aug 2016 14:12:45 GMT" time="4.354" errors="0">
  <testcase name="testSenchaLogin" time="1.687" classname="com.Senchalogin.SenchaLoginTest"/>
  <testcase name="testSenchaLogin" time="1.397" classname="com.Senchalogin.SenchaLoginTest"/>
  <testcase name="testSenchaLogin" time="1.270" classname="com.Senchalogin.SenchaLoginTest"/>
</testsuite> <!-- com.Senchalogin.SenchaLoginTest -->
